\BOOKMARK [0][-]{dummy.6}{\376\377\000A\000c\000k\000n\000o\000w\000l\000e\000d\000g\000e\000m\000e\000n\000t\000s}{}% 1
\BOOKMARK [0][-]{dummy.7}{\376\377\000A\000b\000s\000t\000r\000a\000c\000t}{}% 2
\BOOKMARK [0][-]{chapter*.8}{\376\377\000C\000o\000n\000t\000e\000n\000t\000s}{}% 3
\BOOKMARK [0][-]{chapter.9}{\376\377\0001\000\040\000I\000n\000t\000r\000o\000d\000u\000c\000t\000i\000o\000n}{}% 4
\BOOKMARK [1][-]{section.10}{\376\377\0001\000.\0001\000\040\000M\000o\000t\000i\000v\000a\000t\000i\000o\000n}{chapter.9}% 5
\BOOKMARK [1][-]{section.11}{\376\377\0001\000.\0002\000\040\000R\000e\000l\000a\000t\000e\000d\000\040\000W\000o\000r\000k}{chapter.9}% 6
\BOOKMARK [1][-]{section.15}{\376\377\0001\000.\0003\000\040\000O\000u\000t\000l\000i\000n\000e}{chapter.9}% 7
\BOOKMARK [0][-]{chapter.16}{\376\377\0002\000\040\000S\000p\000e\000c\000t\000r\000a\000l\000\040\000R\000e\000l\000a\000x\000a\000t\000i\000o\000n\000s\000\040\000o\000f\000\040\000B\000a\000l\000a\000n\000c\000e\000d\000\040\000G\000r\000a\000p\000h\000\040\000C\000u\000t\000s}{}% 8
\BOOKMARK [1][-]{section.17}{\376\377\0002\000.\0001\000\040\000C\000l\000u\000s\000t\000e\000r\000i\000n\000g\000\040\000a\000s\000\040\000G\000r\000a\000p\000h\000\040\000P\000a\000r\000t\000i\000t\000i\000o\000n\000i\000n\000g}{chapter.16}% 9
\BOOKMARK [1][-]{section.19}{\376\377\0002\000.\0002\000\040\000B\000a\000l\000a\000n\000c\000e\000d\000\040\000G\000r\000a\000p\000h\000\040\000C\000u\000t\000\040\000C\000r\000i\000t\000e\000r\000i\000a}{chapter.16}% 10
\BOOKMARK [1][-]{section.34}{\376\377\0002\000.\0003\000\040\000S\000p\000e\000c\000t\000r\000a\000l\000\040\000C\000l\000u\000s\000t\000e\000r\000i\000n\000g}{chapter.16}% 11
\BOOKMARK [1][-]{section.77}{\376\377\0002\000.\0004\000\040\0001\000-\000S\000p\000e\000c\000t\000r\000a\000l\000\040\000C\000l\000u\000s\000t\000e\000r\000i\000n\000g}{chapter.16}% 12
\BOOKMARK [1][-]{section.101}{\376\377\0002\000.\0005\000\040\000D\000i\000s\000c\000u\000s\000s\000i\000o\000n}{chapter.16}% 13
\BOOKMARK [0][-]{chapter.102}{\376\377\0003\000\040\000V\000i\000d\000e\000o\000\040\000S\000e\000g\000m\000e\000n\000t\000a\000t\000i\000o\000n\000\040\000a\000n\000d\000\040\000L\000o\000w\000-\000L\000e\000v\000e\000l\000\040\000F\000e\000a\000t\000u\000r\000e\000s}{}% 14
\BOOKMARK [1][-]{section.103}{\376\377\0003\000.\0001\000\040\000V\000i\000d\000e\000o\000\040\000S\000e\000g\000m\000e\000n\000t\000a\000t\000i\000o\000n\000\040\000M\000o\000d\000e\000l}{chapter.102}% 15
\BOOKMARK [1][-]{section.117}{\376\377\0003\000.\0002\000\040\000S\000u\000p\000e\000r\000p\000i\000x\000e\000l\000\040\000A\000f\000f\000i\000n\000i\000t\000i\000e\000s\000\040\000f\000o\000r\000\040\000V\000i\000d\000e\000o\000\040\000S\000e\000g\000m\000e\000n\000t\000a\000t\000i\000o\000n}{chapter.102}% 16
\BOOKMARK [2][-]{subsection.118}{\376\377\0003\000.\0002\000.\0001\000\040\000W\000i\000t\000h\000i\000n\000-\000F\000r\000a\000m\000e\000\040\000A\000f\000f\000i\000n\000i\000t\000i\000e\000s}{section.117}% 17
\BOOKMARK [2][-]{subsection.121}{\376\377\0003\000.\0002\000.\0002\000\040\000B\000e\000t\000w\000e\000e\000n\000-\000F\000r\000a\000m\000e\000\040\000A\000f\000f\000i\000n\000i\000t\000i\000e\000s}{section.117}% 18
\BOOKMARK [2][-]{subsection.129}{\376\377\0003\000.\0002\000.\0003\000\040\000W\000i\000t\000h\000i\000n\000-\000\040\000a\000n\000d\000\040\000B\000e\000t\000w\000e\000e\000n\000-\000F\000r\000a\000m\000e\000\040\000A\000f\000f\000i\000n\000i\000t\000i\000e\000s}{section.117}% 19
\BOOKMARK [1][-]{section.132}{\376\377\0003\000.\0003\000\040\000T\000h\000e\000\040\000B\000e\000r\000k\000e\000l\000e\000y\000\040\000M\000o\000t\000i\000o\000n\000\040\000S\000e\000g\000m\000e\000n\000t\000a\000t\000i\000o\000n\000\040\000D\000a\000t\000a\000s\000e\000t}{chapter.102}% 20
\BOOKMARK [1][-]{section.162}{\376\377\0003\000.\0004\000\040\000A\000n\000a\000l\000y\000s\000i\000s\000\040\000o\000f\000\040\000L\000o\000w\000-\000L\000e\000v\000e\000l\000\040\000F\000e\000a\000t\000u\000r\000e\000s\000\040\000f\000o\000r\000\040\000V\000i\000d\000e\000o\000\040\000S\000e\000g\000m\000e\000n\000t\000a\000t\000i\000o\000n}{chapter.102}% 21
\BOOKMARK [2][-]{subsection.163}{\376\377\0003\000.\0004\000.\0001\000\040\000E\000v\000a\000l\000u\000a\000t\000i\000o\000n\000\040\000o\000f\000\040\000S\000u\000p\000e\000r\000p\000i\000x\000e\000l\000s\000\040\000A\000f\000f\000i\000n\000i\000t\000i\000e\000s\000\040\000B\000e\000t\000w\000e\000e\000n\000\040\000N\000o\000n\000-\000A\000d\000j\000a\000c\000e\000n\000t\000\040\000V\000i\000d\000e\000o\000\040\000F\000r\000a\000m\000e\000s}{section.162}% 22
\BOOKMARK [2][-]{subsection.172}{\376\377\0003\000.\0004\000.\0002\000\040\000E\000v\000a\000l\000u\000a\000t\000i\000o\000n\000\040\000o\000f\000\040\000S\000u\000p\000e\000r\000p\000i\000x\000e\000l\000s\000\040\000A\000f\000f\000i\000n\000i\000t\000i\000e\000s\000\040\000B\000e\000t\000w\000e\000e\000n\000\040\000A\000d\000j\000a\000c\000e\000n\000t\000\040\000V\000i\000d\000e\000o\000\040\000F\000r\000a\000m\000e\000s}{section.162}% 23
\BOOKMARK [1][-]{section.181}{\376\377\0003\000.\0005\000\040\000D\000i\000s\000c\000u\000s\000s\000i\000o\000n}{chapter.102}% 24
\BOOKMARK [0][-]{chapter.182}{\376\377\0004\000\040\000E\000x\000p\000e\000r\000i\000m\000e\000n\000t\000a\000l\000\040\000S\000t\000u\000d\000y\000\040\000o\000f\000\040\000S\000p\000e\000c\000t\000r\000a\000l\000\040\000C\000l\000u\000s\000t\000e\000r\000i\000n\000g\000\040\000T\000e\000c\000h\000n\000i\000q\000u\000e\000s}{}% 25
\BOOKMARK [1][-]{section.183}{\376\377\0004\000.\0001\000\040\000S\000p\000e\000c\000t\000r\000a\000l\000\040\000M\000e\000t\000h\000o\000d\000s\000\040\000f\000o\000r\000\040\000V\000i\000d\000e\000o\000\040\000S\000e\000g\000m\000e\000n\000t\000a\000t\000i\000o\000n}{chapter.182}% 26
\BOOKMARK [1][-]{section.184}{\376\377\0004\000.\0002\000\040\000E\000v\000a\000l\000u\000a\000t\000i\000o\000n\000\040\000B\000e\000n\000c\000h\000m\000a\000r\000k\000\040\000f\000o\000r\000\040\000V\000i\000d\000e\000o\000\040\000S\000e\000g\000m\000e\000n\000t\000a\000t\000i\000o\000n}{chapter.182}% 27
\BOOKMARK [2][-]{subsection.185}{\376\377\0004\000.\0002\000.\0001\000\040\000B\000o\000u\000n\000d\000a\000r\000y\000\040\000p\000r\000e\000c\000i\000s\000i\000o\000n\000-\000r\000e\000c\000a\000l\000l\000\040\000\050\000B\000P\000R\000\051}{section.184}% 28
\BOOKMARK [2][-]{subsection.186}{\376\377\0004\000.\0002\000.\0002\000\040\000V\000o\000l\000u\000m\000e\000\040\000p\000r\000e\000c\000i\000s\000i\000o\000n\000-\000r\000e\000c\000a\000l\000l\000\040\000\050\000V\000P\000R\000\051}{section.184}% 29
\BOOKMARK [1][-]{section.187}{\376\377\0004\000.\0003\000\040\000E\000x\000p\000e\000r\000i\000m\000e\000n\000t\000s\000\040\000o\000n\000\040\0001\000-\000S\000p\000e\000c\000t\000r\000a\000l\000\040\000C\000l\000u\000s\000t\000e\000r\000i\000n\000g\000\040\000v\000s\000.\000\040\000S\000p\000e\000c\000t\000r\000a\000l\000\040\000C\000l\000u\000s\000t\000e\000r\000i\000n\000g}{chapter.182}% 30
\BOOKMARK [2][-]{subsection.266}{\376\377\0004\000.\0003\000.\0001\000\040\000R\000e\000c\000u\000r\000s\000i\000v\000e\000\040\000S\000p\000l\000i\000t\000t\000i\000n\000g\000\040\000v\000s\000.\000\040\000M\000u\000l\000t\000i\000w\000a\000y\000\040\000S\000p\000e\000c\000t\000r\000a\000l\000\040\000C\000l\000u\000s\000t\000e\000r\000i\000n\000g}{section.187}% 31
\BOOKMARK [2][-]{subsection.272}{\376\377\0004\000.\0003\000.\0002\000\040\000U\000n\000b\000a\000l\000a\000n\000c\000e\000d\000\040\000v\000s\000.\000\040\000B\000a\000l\000a\000n\000c\000e\000d}{section.187}% 32
\BOOKMARK [1][-]{section.280}{\376\377\0004\000.\0004\000\040\000E\000x\000p\000e\000r\000i\000m\000e\000n\000t\000s\000\040\000w\000i\000t\000h\000\040\000G\000r\000o\000u\000n\000d\000\040\000T\000r\000u\000t\000h\000\040\000a\000n\000d\000\040\000G\000r\000e\000e\000d\000y\000\040\000S\000e\000a\000r\000c\000h}{chapter.182}% 33
\BOOKMARK [2][-]{subsection.294}{\376\377\0004\000.\0004\000.\0001\000\040\000A\000n\000a\000l\000y\000s\000i\000s\000\040\000o\000f\000\040\000B\000a\000l\000a\000n\000c\000e\000d\000\040\000G\000r\000a\000p\000h\000\040\000C\000u\000t\000\040\000C\000r\000i\000t\000e\000r\000i\000a}{section.280}% 34
\BOOKMARK [2][-]{subsection.310}{\376\377\0004\000.\0004\000.\0002\000\040\000A\000n\000a\000l\000y\000s\000i\000s\000\040\000o\000f\000\040\000t\000h\000e\000\040\000C\000o\000n\000v\000e\000r\000g\000e\000n\000c\000e\000\040\000o\000f\000\040\000M\000e\000t\000h\000o\000d\000s\000\040\000t\000o\000\040\000G\000l\000o\000b\000a\000l\000\040\000O\000p\000t\000i\000m\000u\000m}{section.280}% 35
\BOOKMARK [1][-]{section.367}{\376\377\0004\000.\0005\000\040\000D\000i\000s\000c\000u\000s\000s\000i\000o\000n}{chapter.182}% 36
\BOOKMARK [0][-]{chapter.368}{\376\377\0005\000\040\000M\000u\000s\000t\000-\000L\000i\000n\000k\000\040\000C\000o\000n\000s\000t\000r\000a\000i\000n\000t\000s\000\040\000f\000o\000r\000\040\000V\000i\000d\000e\000o\000\040\000S\000e\000g\000m\000e\000n\000t\000a\000t\000i\000o\000n}{}% 37
\BOOKMARK [1][-]{section.369}{\376\377\0005\000.\0001\000\040\000I\000n\000t\000e\000g\000r\000a\000t\000i\000o\000n\000\040\000o\000f\000\040\000M\000u\000s\000t\000-\000L\000i\000n\000k\000\040\000C\000o\000n\000s\000t\000r\000a\000i\000n\000t\000s\000\040\000i\000n\000t\000o\000\040\000V\000i\000d\000e\000o\000\040\000S\000e\000g\000m\000e\000n\000t\000a\000t\000i\000o\000n}{chapter.368}% 38
\BOOKMARK [1][-]{section.387}{\376\377\0005\000.\0002\000\040\000L\000o\000w\000-\000L\000e\000v\000e\000l\000\040\000F\000e\000a\000t\000u\000r\000e\000s\000\040\000a\000n\000d\000\040\000M\000u\000s\000t\000-\000l\000i\000n\000k\000\040\000C\000o\000n\000s\000t\000r\000a\000i\000n\000t\000s}{chapter.368}% 39
\BOOKMARK [1][-]{section.398}{\376\377\0005\000.\0003\000\040\000L\000e\000a\000r\000n\000i\000n\000g\000\040\000M\000u\000s\000t\000-\000L\000i\000n\000k\000\040\000C\000o\000n\000s\000t\000r\000a\000i\000n\000t\000s\000\040\000f\000r\000o\000m\000\040\000A\000f\000f\000i\000n\000i\000t\000i\000e\000s}{chapter.368}% 40
\BOOKMARK [2][-]{subsection.399}{\376\377\0005\000.\0003\000.\0001\000\040\000R\000a\000n\000d\000o\000m\000\040\000F\000o\000r\000e\000s\000t\000\040\000C\000l\000a\000s\000s\000i\000f\000i\000e\000r\000\040\000E\000v\000a\000l\000u\000a\000t\000i\000o\000n}{section.398}% 41
\BOOKMARK [2][-]{subsection.420}{\376\377\0005\000.\0003\000.\0002\000\040\000S\000e\000g\000m\000e\000n\000t\000a\000t\000i\000o\000n\000\040\000R\000e\000s\000u\000l\000t\000s\000\040\000f\000o\000r\000\040\000S\000p\000e\000c\000t\000r\000a\000l\000\040\000C\000l\000u\000s\000t\000e\000r\000i\000n\000g\000\040\000w\000i\000t\000h\000\040\000L\000e\000a\000r\000n\000e\000d\000\040\000M\000u\000s\000t\000-\000L\000i\000n\000k\000\040\000C\000o\000n\000s\000t\000r\000a\000i\000n\000t\000s}{section.398}% 42
\BOOKMARK [2][-]{subsection.456}{\376\377\0005\000.\0003\000.\0003\000\040\000S\000p\000e\000c\000t\000r\000a\000l\000\040\000C\000l\000u\000s\000t\000e\000r\000i\000n\000g\000\040\000v\000s\000.\000\040\0001\000-\000S\000p\000e\000c\000t\000r\000a\000l\000\040\000C\000l\000u\000s\000t\000e\000r\000i\000n\000g\000\040\000w\000i\000t\000h\000\040\000L\000e\000a\000r\000n\000e\000d\000\040\000M\000u\000s\000t\000-\000L\000i\000n\000k\000\040\000C\000o\000n\000s\000t\000r\000a\000i\000n\000t\000s}{section.398}% 43
\BOOKMARK [2][-]{subsection.476}{\376\377\0005\000.\0003\000.\0004\000\040\000C\000o\000m\000p\000a\000r\000i\000s\000o\000n\000\040\000w\000i\000t\000h\000\040\000O\000t\000h\000e\000r\000\040\000V\000i\000d\000e\000o\000\040\000S\000e\000g\000m\000e\000n\000t\000a\000t\000i\000o\000n\000\040\000A\000l\000g\000o\000r\000i\000t\000h\000m\000s}{section.398}% 44
\BOOKMARK [1][-]{section.481}{\376\377\0005\000.\0004\000\040\000D\000i\000s\000c\000u\000s\000s\000i\000o\000n}{chapter.368}% 45
\BOOKMARK [0][-]{chapter.482}{\376\377\0006\000\040\000C\000o\000n\000c\000l\000u\000s\000i\000o\000n\000s\000\040\000a\000n\000d\000\040\000F\000u\000t\000u\000r\000e\000\040\000W\000o\000r\000k}{}% 46
\BOOKMARK [1][-]{section.483}{\376\377\0006\000.\0001\000\040\000C\000o\000n\000c\000l\000u\000s\000i\000o\000n\000s}{chapter.482}% 47
\BOOKMARK [1][-]{section.487}{\376\377\0006\000.\0002\000\040\000F\000u\000t\000u\000r\000e\000\040\000W\000o\000r\000k\000\040\000a\000n\000d\000\040\000O\000p\000e\000n\000\040\000P\000r\000o\000b\000l\000e\000m\000s}{chapter.482}% 48
\BOOKMARK [0][-]{chapter*.491}{\376\377\000B\000i\000b\000l\000i\000o\000g\000r\000a\000p\000h\000y}{}% 49
